<?xml version="1.0" encoding="UTF-8"?>
<testsuite xmlns:xsi="http://www.w3.org/2001/XMLSchema-instance" xsi:noNamespaceSchemaLocation="https://maven.apache.org/surefire/maven-surefire-plugin/xsd/surefire-test-report-3.0.xsd" version="3.0" name="com.example.conversion.ConversionApplicationTests" time="5.021" tests="2" errors="0" skipped="0" failures="0">
  <properties>
[...]
</properties>
  <testcase name="testConvertVolume" classname="com.example.conversion.ConversionApplicationTests" time="1.58">
    <system-out><![CDATA[18:12:58.599 [main] INFO org.springframework.test.context.support.AnnotationConfigContextLoaderUtils -- Could not detect default configuration classes for test class [com.example.conversion.ConversionApplicationTests]: ConversionApplicationTests does not declare any static, non-private, non-final, nested classes annotated with @Configuration.
18:12:58.839 [main] INFO org.springframework.boot.test.context.SpringBootTestContextBootstrapper -- Found @SpringBootConfiguration com.example.conversion.ConversionApplication for test class com.example.conversion.ConversionApplicationTests

  .   ____          _            __ _ _
 /\\ / ___'_ __ _ _(_)_ __  __ _ \ \ \ \
( ( )\___ | '_ | '_| | '_ \/ _` | \ \ \ \
 \\/  ___)| |_)| | | | | || (_| |  ) ) ) )
  '  |____| .__|_| |_|_| |_\__, | / / / /
 =========|_|==============|___/=/_/_/_/
 :: Spring Boot ::                (v3.2.5)

2024-05-22T18:12:59.595-05:00  INFO 26924 --- [conversion-service] [           main] c.e.c.ConversionApplicationTests         : Starting ConversionApplicationTests using Java 21 with PID 26924 (started by Tony in C:\Users\Tony\Desktop\cs361-project-main\microservice-a\api-conversion)
2024-05-22T18:12:59.597-05:00  INFO 26924 --- [conversion-service] [           main] c.e.c.ConversionApplicationTests         : No active profile set, falling back to 1 default profile: "default"
2024-05-22T18:13:01.634-05:00  INFO 26924 --- [conversion-service] [           main] o.s.b.t.m.w.SpringBootMockServletContext : Initializing Spring TestDispatcherServlet ''
2024-05-22T18:13:01.635-05:00  INFO 26924 --- [conversion-service] [           main] o.s.t.web.servlet.TestDispatcherServlet  : Initializing Servlet ''
2024-05-22T18:13:01.637-05:00  INFO 26924 --- [conversion-service] [           main] o.s.t.web.servlet.TestDispatcherServlet  : Completed initialization in 1 ms
2024-05-22T18:13:01.673-05:00  INFO 26924 --- [conversion-service] [           main] c.e.c.ConversionApplicationTests         : Started ConversionApplicationTests in 2.56 seconds (process running for 4.307)
]]></system-out>
    <system-err><![CDATA[WARNING: A Java agent has been loaded dynamically (C:\Users\Tony\.m2\repository\net\bytebuddy\byte-buddy-agent\1.14.13\byte-buddy-agent-1.14.13.jar)
WARNING: If a serviceability tool is in use, please run with -XX:+EnableDynamicAgentLoading to hide this warning
WARNING: If a serviceability tool is not in use, please run with -Djdk.instrument.traceUsage for more information
WARNING: Dynamic loading of agents will be disallowed by default in a future release
]]></system-err>
  </testcase>
  <testcase name="testConvertWeight" classname="com.example.conversion.ConversionApplicationTests" time="0.01"/>
</testsuite>